2019-07-25 17:58:05.186 [main] INFO  com.tester1.app.Application - Starting Application on DESKTOP-BLV0C82 with PID 22968 (E:\19\github\package\javaInterface_autoTest\InterfaceMybatis_testng\target\classes started by Ren in E:\19\github\package\javaInterface_autoTest)
2019-07-25 17:58:05.190 [main] INFO  com.tester1.app.Application - No active profile set, falling back to default profiles: default
2019-07-25 17:58:05.267 [main] INFO  o.s.boot.context.embedded.AnnotationConfigEmbeddedWebApplicationContext - Refreshing org.springframework.boot.context.embedded.AnnotationConfigEmbeddedWebApplicationContext@4da602fc: startup date [Thu Jul 25 17:58:05 CST 2019]; root of context hierarchy
2019-07-25 17:58:06.093 [main] WARN  org.mybatis.spring.mapper.ClassPathMapperScanner - No MyBatis mapper was found in '[com.tester1.app]' package. Please check your configuration.
2019-07-25 17:58:06.402 [main] INFO  o.s.context.support.PostProcessorRegistrationDelegate$BeanPostProcessorChecker - Bean 'org.springframework.transaction.annotation.ProxyTransactionManagementConfiguration' of type [org.springframework.transaction.annotation.ProxyTransactionManagementConfiguration$$EnhancerBySpringCGLIB$$ae562c15] is not eligible for getting processed by all BeanPostProcessors (for example: not eligible for auto-proxying)
2019-07-25 17:58:06.632 [main] INFO  org.springframework.boot.context.embedded.tomcat.TomcatEmbeddedServletContainer - Tomcat initialized with port(s): 8888 (http)
2019-07-25 17:58:06.640 [main] INFO  org.apache.catalina.core.StandardService - Starting service Tomcat
2019-07-25 17:58:06.641 [main] INFO  org.apache.catalina.core.StandardEngine - Starting Servlet Engine: Apache Tomcat/8.5.14
2019-07-25 17:58:06.710 [localhost-startStop-1] INFO  org.apache.catalina.core.ContainerBase.[Tomcat].[localhost].[/] - Initializing Spring embedded WebApplicationContext
2019-07-25 17:58:06.710 [localhost-startStop-1] INFO  org.springframework.web.context.ContextLoader - Root WebApplicationContext: initialization completed in 1443 ms
2019-07-25 17:58:06.829 [localhost-startStop-1] INFO  org.springframework.boot.web.servlet.ServletRegistrationBean - Mapping servlet: 'dispatcherServlet' to [/]
2019-07-25 17:58:06.832 [localhost-startStop-1] INFO  org.springframework.boot.web.servlet.FilterRegistrationBean - Mapping filter: 'characterEncodingFilter' to: [/*]
2019-07-25 17:58:06.832 [localhost-startStop-1] INFO  org.springframework.boot.web.servlet.FilterRegistrationBean - Mapping filter: 'hiddenHttpMethodFilter' to: [/*]
2019-07-25 17:58:06.832 [localhost-startStop-1] INFO  org.springframework.boot.web.servlet.FilterRegistrationBean - Mapping filter: 'httpPutFormContentFilter' to: [/*]
2019-07-25 17:58:06.832 [localhost-startStop-1] INFO  org.springframework.boot.web.servlet.FilterRegistrationBean - Mapping filter: 'requestContextFilter' to: [/*]
2019-07-25 17:58:07.547 [main] INFO  o.springframework.web.servlet.mvc.method.annotation.RequestMappingHandlerMapping - Mapped "{[/v1/getUserInfo],methods=[POST]}" onto public java.util.List<com.tester1.model.User> com.tester1.controller.UserManager.getUserInfo(javax.servlet.http.HttpServletRequest,com.tester1.model.User)
2019-07-25 17:58:07.548 [main] INFO  o.springframework.web.servlet.mvc.method.annotation.RequestMappingHandlerMapping - Mapped "{[/v1/login],methods=[POST]}" onto public java.lang.Boolean com.tester1.controller.UserManager.login(javax.servlet.http.HttpServletResponse,com.tester1.model.User)
2019-07-25 17:58:07.548 [main] INFO  o.springframework.web.servlet.mvc.method.annotation.RequestMappingHandlerMapping - Mapped "{[/v1/updateUserInfo],methods=[POST]}" onto public int com.tester1.controller.UserManager.updateUser(javax.servlet.http.HttpServletRequest,com.tester1.model.User)
2019-07-25 17:58:07.548 [main] INFO  o.springframework.web.servlet.mvc.method.annotation.RequestMappingHandlerMapping - Mapped "{[/v1/addUser],methods=[POST]}" onto public java.lang.Boolean com.tester1.controller.UserManager.addUser(javax.servlet.http.HttpServletRequest,com.tester1.model.User)
2019-07-25 17:58:07.549 [main] INFO  o.springframework.web.servlet.mvc.method.annotation.RequestMappingHandlerMapping - Mapped "{[/v2/api-docs],methods=[GET],produces=[application/json || application/hal+json]}" onto public org.springframework.http.ResponseEntity<springfox.documentation.spring.web.json.Json> springfox.documentation.swagger2.web.Swagger2Controller.getDocumentation(java.lang.String,javax.servlet.http.HttpServletRequest)
2019-07-25 17:58:07.552 [main] INFO  o.springframework.web.servlet.mvc.method.annotation.RequestMappingHandlerMapping - Mapped "{[/swagger-resources]}" onto org.springframework.http.ResponseEntity<java.util.List<springfox.documentation.swagger.web.SwaggerResource>> springfox.documentation.swagger.web.ApiResourceController.swaggerResources()
2019-07-25 17:58:07.553 [main] INFO  o.springframework.web.servlet.mvc.method.annotation.RequestMappingHandlerMapping - Mapped "{[/swagger-resources/configuration/ui]}" onto org.springframework.http.ResponseEntity<springfox.documentation.swagger.web.UiConfiguration> springfox.documentation.swagger.web.ApiResourceController.uiConfiguration()
2019-07-25 17:58:07.553 [main] INFO  o.springframework.web.servlet.mvc.method.annotation.RequestMappingHandlerMapping - Mapped "{[/swagger-resources/configuration/security]}" onto org.springframework.http.ResponseEntity<springfox.documentation.swagger.web.SecurityConfiguration> springfox.documentation.swagger.web.ApiResourceController.securityConfiguration()
2019-07-25 17:58:07.556 [main] INFO  o.springframework.web.servlet.mvc.method.annotation.RequestMappingHandlerMapping - Mapped "{[/error]}" onto public org.springframework.http.ResponseEntity<java.util.Map<java.lang.String, java.lang.Object>> org.springframework.boot.autoconfigure.web.BasicErrorController.error(javax.servlet.http.HttpServletRequest)
2019-07-25 17:58:07.556 [main] INFO  o.springframework.web.servlet.mvc.method.annotation.RequestMappingHandlerMapping - Mapped "{[/error],produces=[text/html]}" onto public org.springframework.web.servlet.ModelAndView org.springframework.boot.autoconfigure.web.BasicErrorController.errorHtml(javax.servlet.http.HttpServletRequest,javax.servlet.http.HttpServletResponse)
2019-07-25 17:58:07.674 [main] INFO  o.springframework.web.servlet.mvc.method.annotation.RequestMappingHandlerAdapter - Looking for @ControllerAdvice: org.springframework.boot.context.embedded.AnnotationConfigEmbeddedWebApplicationContext@4da602fc: startup date [Thu Jul 25 17:58:05 CST 2019]; root of context hierarchy
2019-07-25 17:58:07.710 [main] INFO  org.springframework.web.servlet.handler.SimpleUrlHandlerMapping - Mapped URL path [/webjars/**] onto handler of type [class org.springframework.web.servlet.resource.ResourceHttpRequestHandler]
2019-07-25 17:58:07.710 [main] INFO  org.springframework.web.servlet.handler.SimpleUrlHandlerMapping - Mapped URL path [/**] onto handler of type [class org.springframework.web.servlet.resource.ResourceHttpRequestHandler]
2019-07-25 17:58:07.748 [main] INFO  org.springframework.web.servlet.handler.SimpleUrlHandlerMapping - Mapped URL path [/**/favicon.ico] onto handler of type [class org.springframework.web.servlet.resource.ResourceHttpRequestHandler]
2019-07-25 17:58:07.947 [main] INFO  org.springframework.jmx.export.annotation.AnnotationMBeanExporter - Registering beans for JMX exposure on startup
2019-07-25 17:58:07.955 [main] INFO  org.springframework.context.support.DefaultLifecycleProcessor - Starting beans in phase 2147483647
2019-07-25 17:58:07.955 [main] INFO  springfox.documentation.spring.web.plugins.DocumentationPluginsBootstrapper - Context refreshed
2019-07-25 17:58:07.966 [main] INFO  springfox.documentation.spring.web.plugins.DocumentationPluginsBootstrapper - Found 1 custom documentation plugin(s)
2019-07-25 17:58:07.976 [main] INFO  springfox.documentation.spring.web.scanners.ApiListingReferenceScanner - Scanning for api listing references
2019-07-25 17:58:08.182 [main] INFO  org.springframework.boot.context.embedded.tomcat.TomcatEmbeddedServletContainer - Tomcat started on port(s): 8888 (http)
2019-07-25 17:58:08.188 [main] INFO  com.tester1.app.Application - Started Application in 3.343 seconds (JVM running for 4.577)
2019-07-25 17:58:21.168 [http-nio-8888-exec-1] INFO  org.apache.catalina.core.ContainerBase.[Tomcat].[localhost].[/] - Initializing Spring FrameworkServlet 'dispatcherServlet'
2019-07-25 17:58:21.168 [http-nio-8888-exec-1] INFO  org.springframework.web.servlet.DispatcherServlet - FrameworkServlet 'dispatcherServlet': initialization started
2019-07-25 17:58:21.199 [http-nio-8888-exec-1] INFO  org.springframework.web.servlet.DispatcherServlet - FrameworkServlet 'dispatcherServlet': initialization completed in 30 ms
2019-07-25 17:58:21.431 [http-nio-8888-exec-1] INFO  com.tester1.controller.UserManager - 查询到的结果是：1
2019-07-25 17:58:21.431 [http-nio-8888-exec-1] INFO  com.tester1.controller.UserManager - 登录的用户是：h11
2019-07-25 17:58:21.488 [http-nio-8888-exec-2] INFO  com.tester1.controller.UserManager - 查询到的结果是：0
2019-07-25 17:58:21.531 [http-nio-8888-exec-3] INFO  com.tester1.controller.UserManager - cookies验证通过
2019-07-25 17:58:21.579 [http-nio-8888-exec-3] INFO  com.tester1.controller.UserManager - 添加用户的数量是：org.apache.catalina.connector.RequestFacade@cf385d7
2019-07-25 17:58:27.643 [http-nio-8888-exec-4] INFO  com.tester1.controller.UserManager - cookies验证通过
2019-07-25 17:58:27.664 [http-nio-8888-exec-4] INFO  com.tester1.controller.UserManager - getUserInfo获取到的用户数量是：1
2019-07-25 17:58:30.725 [http-nio-8888-exec-5] INFO  com.tester1.controller.UserManager - cookies验证通过
2019-07-25 17:58:30.832 [http-nio-8888-exec-5] INFO  com.tester1.controller.UserManager - 更新数据的条目是：1
2019-07-25 17:58:32.908 [http-nio-8888-exec-6] INFO  com.tester1.controller.UserManager - cookies验证通过
2019-07-25 17:58:32.910 [http-nio-8888-exec-6] INFO  com.tester1.controller.UserManager - getUserInfo获取到的用户数量是：1
2019-07-25 18:00:22.135 [http-nio-8888-exec-8] INFO  com.tester1.controller.UserManager - 查询到的结果是：1
2019-07-25 18:00:22.135 [http-nio-8888-exec-8] INFO  com.tester1.controller.UserManager - 登录的用户是：h11
2019-07-25 18:00:22.207 [http-nio-8888-exec-9] INFO  com.tester1.controller.UserManager - 查询到的结果是：0
2019-07-25 18:00:22.278 [http-nio-8888-exec-10] INFO  com.tester1.controller.UserManager - cookies验证通过
2019-07-25 18:00:22.386 [http-nio-8888-exec-10] INFO  com.tester1.controller.UserManager - 添加用户的数量是：org.apache.catalina.connector.RequestFacade@cf385d7
2019-07-25 18:00:28.449 [http-nio-8888-exec-1] INFO  com.tester1.controller.UserManager - cookies验证通过
2019-07-25 18:00:28.451 [http-nio-8888-exec-1] INFO  com.tester1.controller.UserManager - getUserInfo获取到的用户数量是：1
2019-07-25 18:00:31.500 [http-nio-8888-exec-2] INFO  com.tester1.controller.UserManager - cookies验证通过
2019-07-25 18:00:31.611 [http-nio-8888-exec-2] INFO  com.tester1.controller.UserManager - 更新数据的条目是：1
2019-07-25 18:00:33.691 [http-nio-8888-exec-3] INFO  com.tester1.controller.UserManager - cookies验证通过
2019-07-25 18:00:33.694 [http-nio-8888-exec-3] INFO  com.tester1.controller.UserManager - getUserInfo获取到的用户数量是：1
2019-07-25 18:02:37.786 [http-nio-8888-exec-5] INFO  com.tester1.controller.UserManager - 查询到的结果是：1
2019-07-25 18:02:37.786 [http-nio-8888-exec-5] INFO  com.tester1.controller.UserManager - 登录的用户是：h11
2019-07-25 18:02:37.874 [http-nio-8888-exec-6] INFO  com.tester1.controller.UserManager - 查询到的结果是：0
2019-07-25 18:02:37.932 [http-nio-8888-exec-7] INFO  com.tester1.controller.UserManager - cookies验证通过
2019-07-25 18:02:38.046 [http-nio-8888-exec-7] INFO  com.tester1.controller.UserManager - 添加用户的数量是：org.apache.catalina.connector.RequestFacade@cf385d7
2019-07-25 18:02:44.109 [http-nio-8888-exec-8] INFO  com.tester1.controller.UserManager - cookies验证通过
2019-07-25 18:02:44.114 [http-nio-8888-exec-8] INFO  com.tester1.controller.UserManager - getUserInfo获取到的用户数量是：1
2019-07-25 18:02:47.148 [http-nio-8888-exec-9] INFO  com.tester1.controller.UserManager - cookies验证通过
2019-07-25 18:02:47.202 [http-nio-8888-exec-9] INFO  com.tester1.controller.UserManager - 更新数据的条目是：1
2019-07-25 18:02:49.297 [http-nio-8888-exec-10] INFO  com.tester1.controller.UserManager - cookies验证通过
2019-07-25 18:02:49.299 [http-nio-8888-exec-10] INFO  com.tester1.controller.UserManager - getUserInfo获取到的用户数量是：1
